<?xml version="1.0" encoding="UTF-8"?>
<testng-results skipped="0" failed="0" total="6" passed="6">
  <reporter-output>
  </reporter-output>
  <suite name="Suite" duration-ms="32" started-at="2020-03-04T11:25:19Z" finished-at="2020-03-04T11:25:19Z">
    <groups>
      <group name="smoke">
        <method signature="HomePageTest.TCH1()[pri:0, instance:com.jbk.E_P.Tests.HomePageTest@4dfa3a9d]" name="TCH1" class="com.jbk.E_P.Tests.HomePageTest"/>
        <method signature="HomePageTest.TCH2()[pri:0, instance:com.jbk.E_P.Tests.HomePageTest@4dfa3a9d]" name="TCH2" class="com.jbk.E_P.Tests.HomePageTest"/>
        <method signature="LoginPageTest.TC1()[pri:0, instance:com.jbk.E_P.Tests.LoginPageTest@59ec2012]" name="TC1" class="com.jbk.E_P.Tests.LoginPageTest"/>
        <method signature="LoginPageTest.TC2()[pri:0, instance:com.jbk.E_P.Tests.LoginPageTest@59ec2012]" name="TC2" class="com.jbk.E_P.Tests.LoginPageTest"/>
        <method signature="LoginPageTest.TC4()[pri:0, instance:com.jbk.E_P.Tests.LoginPageTest@59ec2012]" name="TC4" class="com.jbk.E_P.Tests.LoginPageTest"/>
      </group> <!-- smoke -->
      <group name="sanity">
        <method signature="HomePageTest.TCH1()[pri:0, instance:com.jbk.E_P.Tests.HomePageTest@4dfa3a9d]" name="TCH1" class="com.jbk.E_P.Tests.HomePageTest"/>
        <method signature="HomePageTest.TCH2()[pri:0, instance:com.jbk.E_P.Tests.HomePageTest@4dfa3a9d]" name="TCH2" class="com.jbk.E_P.Tests.HomePageTest"/>
        <method signature="HomePageTest.TCH4()[pri:0, instance:com.jbk.E_P.Tests.HomePageTest@4dfa3a9d]" name="TCH4" class="com.jbk.E_P.Tests.HomePageTest"/>
        <method signature="LoginPageTest.TC1()[pri:0, instance:com.jbk.E_P.Tests.LoginPageTest@59ec2012]" name="TC1" class="com.jbk.E_P.Tests.LoginPageTest"/>
        <method signature="LoginPageTest.TC2()[pri:0, instance:com.jbk.E_P.Tests.LoginPageTest@59ec2012]" name="TC2" class="com.jbk.E_P.Tests.LoginPageTest"/>
        <method signature="LoginPageTest.TC4()[pri:0, instance:com.jbk.E_P.Tests.LoginPageTest@59ec2012]" name="TC4" class="com.jbk.E_P.Tests.LoginPageTest"/>
      </group> <!-- sanity -->
    </groups>
    <test name="Test" duration-ms="32" started-at="2020-03-04T11:25:19Z" finished-at="2020-03-04T11:25:19Z">
      <class name="com.jbk.E_P.Tests.LoginPageTest">
        <test-method status="PASS" signature="TC1()[pri:0, instance:com.jbk.E_P.Tests.LoginPageTest@59ec2012]" name="TC1" duration-ms="8" started-at="2020-03-04T16:55:19Z" finished-at="2020-03-04T16:55:19Z">
          <reporter-output>
          </reporter-output>
        </test-method> <!-- TC1 -->
        <test-method status="PASS" signature="TC2()[pri:0, instance:com.jbk.E_P.Tests.LoginPageTest@59ec2012]" name="TC2" duration-ms="1" started-at="2020-03-04T16:55:19Z" finished-at="2020-03-04T16:55:19Z">
          <reporter-output>
          </reporter-output>
        </test-method> <!-- TC2 -->
        <test-method status="PASS" signature="TC4()[pri:0, instance:com.jbk.E_P.Tests.LoginPageTest@59ec2012]" name="TC4" duration-ms="1" started-at="2020-03-04T16:55:19Z" finished-at="2020-03-04T16:55:19Z">
          <reporter-output>
          </reporter-output>
        </test-method> <!-- TC4 -->
      </class> <!-- com.jbk.E_P.Tests.LoginPageTest -->
      <class name="com.jbk.E_P.Tests.HomePageTest">
        <test-method status="PASS" signature="TCH1()[pri:0, instance:com.jbk.E_P.Tests.HomePageTest@4dfa3a9d]" name="TCH1" duration-ms="2" started-at="2020-03-04T16:55:19Z" finished-at="2020-03-04T16:55:19Z">
          <reporter-output>
          </reporter-output>
        </test-method> <!-- TCH1 -->
        <test-method status="PASS" signature="TCH2()[pri:0, instance:com.jbk.E_P.Tests.HomePageTest@4dfa3a9d]" name="TCH2" duration-ms="1" started-at="2020-03-04T16:55:19Z" finished-at="2020-03-04T16:55:19Z">
          <reporter-output>
          </reporter-output>
        </test-method> <!-- TCH2 -->
        <test-method status="PASS" signature="TCH4()[pri:0, instance:com.jbk.E_P.Tests.HomePageTest@4dfa3a9d]" name="TCH4" duration-ms="2" started-at="2020-03-04T16:55:19Z" finished-at="2020-03-04T16:55:19Z">
          <reporter-output>
          </reporter-output>
        </test-method> <!-- TCH4 -->
      </class> <!-- com.jbk.E_P.Tests.HomePageTest -->
    </test> <!-- Test -->
  </suite> <!-- Suite -->
</testng-results>
